<?xml version="1.0" encoding="UTF-8"?>
<testng-results ignored="0" total="1" passed="1" failed="0" skipped="0">
  <reporter-output>
  </reporter-output>
  <suite started-at="2023-06-23T00:19:21 IST" name="itsutra.MyGImAVdEV.NewTest" finished-at="2023-06-23T00:19:36 IST" duration-ms="15641">
    <groups>
    </groups>
    <test started-at="2023-06-23T00:19:21 IST" name="Command line test" finished-at="2023-06-23T00:19:36 IST" duration-ms="15641">
      <class name="itsutra.MyGImAVdEV.NewTest">
        <test-method is-config="true" signature="beforeTest()[pri:0, instance:itsutra.MyGImAVdEV.NewTest@70325e14]" started-at="2023-06-23T00:19:21 IST" name="beforeTest" finished-at="2023-06-23T00:19:23 IST" duration-ms="2740" status="PASS">
          <reporter-output>
          </reporter-output>
        </test-method> <!-- beforeTest -->
        <test-method signature="f()[pri:0, instance:itsutra.MyGImAVdEV.NewTest@70325e14]" started-at="2023-06-23T00:19:24 IST" name="f" finished-at="2023-06-23T00:19:36 IST" duration-ms="12632" status="PASS">
          <reporter-output>
          </reporter-output>
        </test-method> <!-- f -->
        <test-method is-config="true" signature="afterTest()[pri:0, instance:itsutra.MyGImAVdEV.NewTest@70325e14]" started-at="2023-06-23T00:19:36 IST" name="afterTest" finished-at="2023-06-23T00:19:36 IST" duration-ms="227" status="PASS">
          <reporter-output>
          </reporter-output>
        </test-method> <!-- afterTest -->
      </class> <!-- itsutra.MyGImAVdEV.NewTest -->
    </test> <!-- Command line test -->
  </suite> <!-- itsutra.MyGImAVdEV.NewTest -->
</testng-results>
